[+] Containers:
 |- [+] Container: /Game/FirstPerson/Maps/FinalMap
 |   |- [+] ActorDescs:
 |   |   |- Guid:0731A3924B742C89D2FEA88D772F273C BaseClass:/Game/Models/Luigi/LuigiCharacter.LuigiCharacter_C NativeClass:/Script/Engine.Character Name:LuigiCharacter_C_UAID_E070EAC89D3BF83502_1652661120 Label:LuigiCharacter11 SpatiallyLoaded:1 Bounds:IsValid=true, Min=(X=1777.388 Y=982.620 Z=624.424), Max=(X=2064.789 Y=1275.597 Z=717.164) RuntimeGrid:None EditorOnly:0 RuntimeOnly:0 HLODRelevant:0 ListedInSceneOutliner:1 IsMainWorldOnly:0
 |   |   |- Guid:18916AA246AB15389FA9E99C733184E8 BaseClass:/Game/Models/Luigi/LuigiCharacter.LuigiCharacter_C NativeClass:/Script/Engine.Character Name:LuigiCharacter_C_UAID_E070EAC89D3BF83502_1661185121 Label:LuigiCharacter12 SpatiallyLoaded:1 Bounds:IsValid=true, Min=(X=2178.392 Y=982.620 Z=649.566), Max=(X=2465.793 Y=1275.597 Z=742.307) RuntimeGrid:None EditorOnly:0 RuntimeOnly:0 HLODRelevant:0 ListedInSceneOutliner:1 IsMainWorldOnly:0
 |   |   |- Guid:1AC141E84B85D4416B98CAA3D6689936 BaseClass:/Game/Models/Luigi/LuigiCharacter.LuigiCharacter_C NativeClass:/Script/Engine.Character Name:LuigiCharacter_C_UAID_E070EAC89D3BF83502_1411415113 Label:LuigiCharacter4 SpatiallyLoaded:1 Bounds:IsValid=true, Min=(X=687.692 Y=-70.000 Z=220.302), Max=(X=1008.809 Y=361.497 Z=662.592) RuntimeGrid:None EditorOnly:0 RuntimeOnly:0 HLODRelevant:0 ListedInSceneOutliner:1 IsMainWorldOnly:0
 |   |   |- Guid:2C4AB24E47CF21450BAFE884C6B2D5B2 BaseClass:/Game/Models/Luigi/LuigiCharacter.LuigiCharacter_C NativeClass:/Script/Engine.Character Name:LuigiCharacter_C_UAID_E070EAC89D3BF83502_1512980115 Label:LuigiCharacter6 SpatiallyLoaded:1 Bounds:IsValid=true, Min=(X=869.008 Y=-163.598 Z=287.885), Max=(X=1891.669 Y=878.906 Z=617.887) RuntimeGrid:None EditorOnly:0 RuntimeOnly:0 HLODRelevant:0 ListedInSceneOutliner:1 IsMainWorldOnly:0
 |   |   |- Guid:2F6CED234912A0279FBDBD93E68CA246 BaseClass:/Game/Models/Luigi/LuigiCharacter.LuigiCharacter_C NativeClass:/Script/Engine.Character Name:LuigiCharacter_C_UAID_E070EAC89D3BF83502_2052330130 Label:LuigiCharacter21 SpatiallyLoaded:1 Bounds:IsValid=true, Min=(X=2575.143 Y=-583.548 Z=-60.508), Max=(X=3375.686 Y=718.006 Z=1186.039) RuntimeGrid:None EditorOnly:0 RuntimeOnly:0 HLODRelevant:0 ListedInSceneOutliner:1 IsMainWorldOnly:0
 |   |   |- Guid:30D9B0D942E2CD7B531E2C91079F8B9A BaseClass: NativeClass:/Script/Engine.PostProcessVolume Name:PostProcessVolume_0 Label:PostProcessVolume SpatiallyLoaded:0 Bounds:IsValid=true, Min=(X=0.000 Y=0.000 Z=400.000), Max=(X=200.000 Y=200.000 Z=600.000) RuntimeGrid:None EditorOnly:0 RuntimeOnly:0 HLODRelevant:0 ListedInSceneOutliner:1 IsMainWorldOnly:0 FolderPath:Lighting FolderGuid:0BA5F0A04EADB18E70D5B180D08FA34B
 |   |   |- Guid:30E3A99949DCC71815631A924872D2DF BaseClass: NativeClass:/Script/Engine.ExponentialHeightFog Name:ExponentialHeightFog_0 Label:ExponentialHeightFog SpatiallyLoaded:0 Bounds:IsValid=true, Min=(X=-5600.000 Y=-50.000 Z=-6850.000), Max=(X=-5600.000 Y=-50.000 Z=-6850.000) RuntimeGrid:None EditorOnly:0 RuntimeOnly:0 HLODRelevant:0 ListedInSceneOutliner:1 IsMainWorldOnly:0 FolderPath:Lighting FolderGuid:0BA5F0A04EADB18E70D5B180D08FA34B
 |   |   |- Guid:30F2B6DC41E39D6CE0BF2683CC62E479 BaseClass: NativeClass:/Script/Engine.PlayerStart Name:PlayerStart_0 Label:PlayerStart SpatiallyLoaded:0 Bounds:IsValid=true, Min=(X=-757.550 Y=-486.712 Z=36.865), Max=(X=-677.550 Y=-406.712 Z=220.865) RuntimeGrid:None EditorOnly:0 RuntimeOnly:0 HLODRelevant:0 ListedInSceneOutliner:1 IsMainWorldOnly:0
 |   |   |- Guid:322C231D4B1D1099890A8ABA7ADFBF7C BaseClass: NativeClass:/Script/Engine.SkyAtmosphere Name:SkyAtmosphere_0 Label:SkyAtmosphere SpatiallyLoaded:0 Bounds:IsValid=true, Min=(X=0.000 Y=0.000 Z=1020.000), Max=(X=0.000 Y=0.000 Z=1020.000) RuntimeGrid:None EditorOnly:0 RuntimeOnly:0 HLODRelevant:0 ListedInSceneOutliner:1 IsMainWorldOnly:0 FolderPath:Lighting FolderGuid:0BA5F0A04EADB18E70D5B180D08FA34B
 |   |   |- Guid:32F7D78A4D6DED32D1AEE49D312A2EAA BaseClass: NativeClass:/Script/Engine.SkyLight Name:SkyLight_0 Label:SkyLight SpatiallyLoaded:0 Bounds:IsValid=true, Min=(X=0.000 Y=0.000 Z=690.000), Max=(X=0.000 Y=0.000 Z=690.000) RuntimeGrid:None EditorOnly:0 RuntimeOnly:0 HLODRelevant:0 ListedInSceneOutliner:1 IsMainWorldOnly:0 FolderPath:Lighting FolderGuid:0BA5F0A04EADB18E70D5B180D08FA34B
 |   |   |- Guid:373EFCED44E5A55F3421CC83345CCCDE BaseClass:/Game/Models/Luigi/LuigiCharacter.LuigiCharacter_C NativeClass:/Script/Engine.Character Name:LuigiCharacter_C_UAID_E070EAC89D3BF83502_1970766126 Label:LuigiCharacter17 SpatiallyLoaded:1 Bounds:IsValid=true, Min=(X=-629.501 Y=73.366 Z=-60.508), Max=(X=429.480 Y=1298.667 Z=1186.039) RuntimeGrid:None EditorOnly:0 RuntimeOnly:0 HLODRelevant:0 ListedInSceneOutliner:1 IsMainWorldOnly:0
 |   |   |- Guid:3C9BBE1142A6A8FE91E6AF83A59EDEAC BaseClass:/Game/Models/Luigi/LuigiCharacter.LuigiCharacter_C NativeClass:/Script/Engine.Character Name:LuigiCharacter_C_UAID_E070EAC89D3BF83502_1728601123 Label:LuigiCharacter14 SpatiallyLoaded:1 Bounds:IsValid=true, Min=(X=2728.527 Y=1559.125 Z=340.230), Max=(X=2999.215 Y=1832.886 Z=463.027) RuntimeGrid:None EditorOnly:0 RuntimeOnly:0 HLODRelevant:0 ListedInSceneOutliner:1 IsMainWorldOnly:0
 |   |   |- Guid:3CE9D215486EE04FA03BC4A131718DF5 BaseClass: NativeClass:/Script/Engine.WorldDataLayers Name:WorldDataLayers Label:WorldDataLayers SpatiallyLoaded:0 Bounds:Invalid RuntimeGrid:None EditorOnly:0 RuntimeOnly:0 HLODRelevant:0 ListedInSceneOutliner:1 IsMainWorldOnly:1
 |   |   |- Guid:449B88024A3AEF68CDD99D84FC022F02 BaseClass:/Game/Models/Luigi/LuigiCharacter.LuigiCharacter_C NativeClass:/Script/Engine.Character Name:LuigiCharacter_C_UAID_E070EAC89D3BF83502_1498673114 Label:LuigiCharacter5 SpatiallyLoaded:1 Bounds:IsValid=true, Min=(X=600.910 Y=143.429 Z=220.302), Max=(X=922.027 Y=574.925 Z=662.592) RuntimeGrid:None EditorOnly:0 RuntimeOnly:0 HLODRelevant:0 ListedInSceneOutliner:1 IsMainWorldOnly:0
 |   |   |- Guid:4D60877E404FE81538E7C5A57D32D0D0 BaseClass:/Game/Models/Luigi/LuigiCharacter.LuigiCharacter_C NativeClass:/Script/Engine.Character Name:LuigiCharacter_C_UAID_E070EAC89D3BF83502_1593767118 Label:LuigiCharacter9 SpatiallyLoaded:1 Bounds:IsValid=true, Min=(X=1777.388 Y=390.239 Z=598.809), Max=(X=2064.789 Y=683.216 Z=691.550) RuntimeGrid:None EditorOnly:0 RuntimeOnly:0 HLODRelevant:0 ListedInSceneOutliner:1 IsMainWorldOnly:0
 |   |   |- Guid:53F7D8D14E9E9E2534456C88D6EBE742 BaseClass:/Game/Models/Luigi/LuigiCharacter.LuigiCharacter_C NativeClass:/Script/Engine.Character Name:LuigiCharacter_C_UAID_E070EAC89D3BF83502_2088244132 Label:LuigiCharacter23 SpatiallyLoaded:1 Bounds:IsValid=true, Min=(X=589.734 Y=38.975 Z=1756.556), Max=(X=3754.574 Y=3246.930 Z=3195.395) RuntimeGrid:None EditorOnly:0 RuntimeOnly:0 HLODRelevant:0 ListedInSceneOutliner:1 IsMainWorldOnly:0
 |   |   |- Guid:586F9AF742E4EE80A5E41F875E49FB40 BaseClass: NativeClass:/Script/Engine.StaticMeshActor Name:StaticMeshActor_UAID_E070EAC89D3B8C2102_1253001987 Label:Level SpatiallyLoaded:1 Bounds:IsValid=true, Min=(X=-1473.474 Y=-1180.611 Z=-175.932), Max=(X=4526.526 Y=4819.390 Z=1342.888) RuntimeGrid:None EditorOnly:0 RuntimeOnly:0 HLODRelevant:1 ListedInSceneOutliner:1 IsMainWorldOnly:0
 |   |   |- Guid:6671A33D4C14DE7ED5C3C78467915D8E BaseClass:/Game/Models/Luigi/LuigiCharacter.LuigiCharacter_C NativeClass:/Script/Engine.Character Name:LuigiCharacter_C_UAID_E070EAC89D3BF83502_1746748124 Label:LuigiCharacter15 SpatiallyLoaded:1 Bounds:IsValid=true, Min=(X=2047.894 Y=1797.857 Z=387.867), Max=(X=3278.034 Y=3014.076 Z=743.872) RuntimeGrid:None EditorOnly:0 RuntimeOnly:0 HLODRelevant:0 ListedInSceneOutliner:1 IsMainWorldOnly:0
 |   |   |- Guid:70442E3C41511AA5F879B49FB9810853 BaseClass:/Game/Models/Luigi/LuigiCharacter.LuigiCharacter_C NativeClass:/Script/Engine.Character Name:LuigiCharacter_C_UAID_E070EAC89D3BF83502_2067775131 Label:LuigiCharacter22 SpatiallyLoaded:1 Bounds:IsValid=true, Min=(X=2767.605 Y=3024.190 Z=-60.508), Max=(X=3931.981 Y=4162.646 Z=1186.039) RuntimeGrid:None EditorOnly:0 RuntimeOnly:0 HLODRelevant:0 ListedInSceneOutliner:1 IsMainWorldOnly:0
 |   |   |- Guid:70C359D34B576B5308F399BED72BF5C1 BaseClass:/Game/Models/Luigi/LuigiCharacter.LuigiCharacter_C NativeClass:/Script/Engine.Character Name:LuigiCharacter_C_UAID_E070EAC89D3BF83502_1587412117 Label:LuigiCharacter8 SpatiallyLoaded:1 Bounds:IsValid=true, Min=(X=1777.388 Y=215.779 Z=575.482), Max=(X=2064.789 Y=508.755 Z=668.223) RuntimeGrid:None EditorOnly:0 RuntimeOnly:0 HLODRelevant:0 ListedInSceneOutliner:1 IsMainWorldOnly:0
 |   |   |- Guid:785D05A34FE9EFA9419420A24736B768 BaseClass:/Game/Models/Luigi/LuigiCharacter.LuigiCharacter_C NativeClass:/Script/Engine.Character Name:LuigiCharacter_C_UAID_E070EAC89D3BF83502_2000005127 Label:LuigiCharacter18 SpatiallyLoaded:1 Bounds:IsValid=true, Min=(X=-485.262 Y=826.175 Z=-60.508), Max=(X=573.719 Y=2051.476 Z=1186.039) RuntimeGrid:None EditorOnly:0 RuntimeOnly:0 HLODRelevant:0 ListedInSceneOutliner:1 IsMainWorldOnly:0
 |   |   |- Guid:830DC4F642F7FE32AFDD1AB4E80BCB0E BaseClass:/Game/Models/Luigi/LuigiCharacter.LuigiCharacter_C NativeClass:/Script/Engine.Character Name:LuigiCharacter_C_UAID_E070EAC89D3BF83502_1299290111 Label:LuigiCharacter2 SpatiallyLoaded:1 Bounds:IsValid=true, Min=(X=183.568 Y=-505.003 Z=106.865), Max=(X=575.679 Y=-110.840 Z=277.422) RuntimeGrid:None EditorOnly:0 RuntimeOnly:0 HLODRelevant:0 ListedInSceneOutliner:1 IsMainWorldOnly:0
 |   |   |- Guid:97351FE548CBAB596BA51AAA7B46963F BaseClass:/Game/Models/Luigi/LuigiCharacter.LuigiCharacter_C NativeClass:/Script/Engine.Character Name:LuigiCharacter_C_UAID_E070EAC89D3BF83502_1559849116 Label:LuigiCharacter7 SpatiallyLoaded:1 Bounds:IsValid=true, Min=(X=1600.654 Y=215.779 Z=535.039), Max=(X=1888.055 Y=508.755 Z=627.780) RuntimeGrid:None EditorOnly:0 RuntimeOnly:0 HLODRelevant:0 ListedInSceneOutliner:1 IsMainWorldOnly:0
 |   |   |- Guid:A09CC77942863E33AC87198707E97B83 BaseClass:/Game/Models/Luigi/LuigiCharacter.LuigiCharacter_C NativeClass:/Script/Engine.Character Name:LuigiCharacter_C_UAID_E070EAC89D3BF83502_1680421122 Label:LuigiCharacter13 SpatiallyLoaded:1 Bounds:IsValid=true, Min=(X=2756.463 Y=659.595 Z=-155.116), Max=(X=3070.462 Y=1570.068 Z=757.372) RuntimeGrid:None EditorOnly:0 RuntimeOnly:0 HLODRelevant:0 ListedInSceneOutliner:1 IsMainWorldOnly:0
 |   |   |- Guid:A2663F6240D48F9D1E9EC4BC0A8751EE BaseClass:/Game/Models/Luigi/LuigiCharacter.LuigiCharacter_C NativeClass:/Script/Engine.Character Name:LuigiCharacter_C_UAID_E070EAC89D3BF83502_2002449128 Label:LuigiCharacter19 SpatiallyLoaded:1 Bounds:IsValid=true, Min=(X=724.418 Y=2439.081 Z=-60.508), Max=(X=1783.399 Y=3664.382 Z=1186.039) RuntimeGrid:None EditorOnly:0 RuntimeOnly:0 HLODRelevant:0 ListedInSceneOutliner:1 IsMainWorldOnly:0
 |   |   |- Guid:B053257644DE988AB9621097F2295141 BaseClass:/Game/Models/Luigi/LuigiCharacter.LuigiCharacter_C NativeClass:/Script/Engine.Character Name:LuigiCharacter_C_UAID_E070EAC89D3BF83502_1605658119 Label:LuigiCharacter10 SpatiallyLoaded:1 Bounds:IsValid=true, Min=(X=1777.388 Y=555.168 Z=624.424), Max=(X=2064.789 Y=848.145 Z=717.164) RuntimeGrid:None EditorOnly:0 RuntimeOnly:0 HLODRelevant:0 ListedInSceneOutliner:1 IsMainWorldOnly:0
 |   |   |- Guid:B643D1304C7037D6C48493AD8CF3D0F2 BaseClass: NativeClass:/Script/Engine.TextRenderActor Name:TextRenderActor_1 Label:TextRenderActor SpatiallyLoaded:1 Bounds:IsValid=true, Min=(X=-1790.967 Y=1100.000 Z=58.650), Max=(X=-1790.967 Y=2363.461 Z=208.650) RuntimeGrid:None EditorOnly:0 RuntimeOnly:0 HLODRelevant:0 ListedInSceneOutliner:1 IsMainWorldOnly:0
 |   |   |- Guid:B843550D422691C11C4F54B23CAD3D30 BaseClass: NativeClass:/Script/Engine.StaticMeshActor Name:StaticMeshActor_UAID_A4AE111137DC5EFB00_2001720423 Label:SM_SkySphere SpatiallyLoaded:0 Bounds:IsValid=true, Min=(X=-1638400.000 Y=-1638400.000 Z=-1638400.000), Max=(X=1638400.000 Y=1638400.000 Z=1638400.000) RuntimeGrid:None EditorOnly:0 RuntimeOnly:0 HLODRelevant:0 ListedInSceneOutliner:1 IsMainWorldOnly:0 FolderPath:Lighting FolderGuid:0BA5F0A04EADB18E70D5B180D08FA34B
 |   |   |- Guid:C2BAC8F5469F9C9F2481EF87966F8472 BaseClass: NativeClass:/Script/Engine.VolumetricCloud Name:VolumetricCloud_0 Label:VolumetricCloud SpatiallyLoaded:0 Bounds:IsValid=true, Min=(X=0.000 Y=0.000 Z=820.000), Max=(X=0.000 Y=0.000 Z=820.000) RuntimeGrid:None EditorOnly:0 RuntimeOnly:0 HLODRelevant:0 ListedInSceneOutliner:1 IsMainWorldOnly:0 FolderPath:Lighting FolderGuid:0BA5F0A04EADB18E70D5B180D08FA34B
 |   |   |- Guid:C7691B3F400AF1F08EA67196A563E79F BaseClass:/Game/Models/Luigi/LuigiCharacter.LuigiCharacter_C NativeClass:/Script/Engine.Character Name:LuigiCharacter_C_UAID_E070EAC89D3BF83502_2005296129 Label:LuigiCharacter20 SpatiallyLoaded:1 Bounds:IsValid=true, Min=(X=581.049 Y=1652.261 Z=-60.508), Max=(X=1640.030 Y=2877.562 Z=1186.039) RuntimeGrid:None EditorOnly:0 RuntimeOnly:0 HLODRelevant:0 ListedInSceneOutliner:1 IsMainWorldOnly:0
 |   |   |- Guid:E75C803548C1F8D350674FAC5E897856 BaseClass:/Game/Models/Luigi/LuigiCharacter.LuigiCharacter_C NativeClass:/Script/Engine.Character Name:LuigiCharacter_C_UAID_E070EAC89D3B273302_2093228221 Label:LuigiCharacter SpatiallyLoaded:1 Bounds:IsValid=true, Min=(X=-163.391 Y=-390.203 Z=-7.265), Max=(X=217.579 Y=-13.913 Z=163.292) RuntimeGrid:None EditorOnly:0 RuntimeOnly:0 HLODRelevant:0 ListedInSceneOutliner:1 IsMainWorldOnly:0
 |   |   |- Guid:E8B888E74CA2C03825F98593C69CAD3D BaseClass:/Game/Models/Star/BP_Star.BP_Star_C NativeClass:/Script/Engine.StaticMeshActor Name:BP_Star_C_UAID_E070EAC89D3BF93502_1209433309 Label:BP_Star SpatiallyLoaded:1 Bounds:IsValid=true, Min=(X=2408.406 Y=3313.846 Z=772.693), Max=(X=2504.589 Y=3348.484 Z=856.579) RuntimeGrid:None EditorOnly:0 RuntimeOnly:0 HLODRelevant:0 ListedInSceneOutliner:1 IsMainWorldOnly:0
 |   |   |- Guid:EEBFA1564D9F9113B7B70B8ACF13560E BaseClass: NativeClass:/Script/Engine.DirectionalLight Name:DirectionalLight_1 Label:DirectionalLight SpatiallyLoaded:0 Bounds:Invalid RuntimeGrid:None EditorOnly:0 RuntimeOnly:0 HLODRelevant:0 ListedInSceneOutliner:1 IsMainWorldOnly:0 FolderPath:Lighting FolderGuid:0BA5F0A04EADB18E70D5B180D08FA34B
 |   |   |- Guid:EF6789DC446C13138CE5E5943451C2A6 BaseClass:/Game/Models/Luigi/LuigiCharacter.LuigiCharacter_C NativeClass:/Script/Engine.Character Name:LuigiCharacter_C_UAID_E070EAC89D3BF83502_1339648112 Label:LuigiCharacter3 SpatiallyLoaded:1 Bounds:IsValid=true, Min=(X=596.747 Y=-536.007 Z=154.697), Max=(X=1090.420 Y=-40.257 Z=480.603) RuntimeGrid:None EditorOnly:0 RuntimeOnly:0 HLODRelevant:0 ListedInSceneOutliner:1 IsMainWorldOnly:0
 |   |   |- Guid:FCFF31854985B744820E34932D988621 BaseClass:/Game/Models/Luigi/LuigiCharacter.LuigiCharacter_C NativeClass:/Script/Engine.Character Name:LuigiCharacter_C_UAID_E070EAC89D3BF83502_1824355125 Label:LuigiCharacter16 SpatiallyLoaded:1 Bounds:IsValid=true, Min=(X=2075.277 Y=2939.891 Z=545.268), Max=(X=2847.272 Y=3694.011 Z=810.240) RuntimeGrid:None EditorOnly:0 RuntimeOnly:0 HLODRelevant:0 ListedInSceneOutliner:1 IsMainWorldOnly:0
 |   |- [+] Clusters:
 |   |   |- [+] [  0]
 |   |   |   |- Guid:0731A3924B742C89D2FEA88D772F273C BaseClass:/Game/Models/Luigi/LuigiCharacter.LuigiCharacter_C NativeClass:/Script/Engine.Character Name:LuigiCharacter_C_UAID_E070EAC89D3BF83502_1652661120 Label:LuigiCharacter11 SpatiallyLoaded:1 Bounds:IsValid=true, Min=(X=1777.388 Y=982.620 Z=624.424), Max=(X=2064.789 Y=1275.597 Z=717.164) RuntimeGrid:None EditorOnly:0 RuntimeOnly:0 HLODRelevant:0 ListedInSceneOutliner:1 IsMainWorldOnly:0
 |   |   |- [+] [  1]
 |   |   |   |- Guid:18916AA246AB15389FA9E99C733184E8 BaseClass:/Game/Models/Luigi/LuigiCharacter.LuigiCharacter_C NativeClass:/Script/Engine.Character Name:LuigiCharacter_C_UAID_E070EAC89D3BF83502_1661185121 Label:LuigiCharacter12 SpatiallyLoaded:1 Bounds:IsValid=true, Min=(X=2178.392 Y=982.620 Z=649.566), Max=(X=2465.793 Y=1275.597 Z=742.307) RuntimeGrid:None EditorOnly:0 RuntimeOnly:0 HLODRelevant:0 ListedInSceneOutliner:1 IsMainWorldOnly:0
 |   |   |- [+] [  2]
 |   |   |   |- Guid:1AC141E84B85D4416B98CAA3D6689936 BaseClass:/Game/Models/Luigi/LuigiCharacter.LuigiCharacter_C NativeClass:/Script/Engine.Character Name:LuigiCharacter_C_UAID_E070EAC89D3BF83502_1411415113 Label:LuigiCharacter4 SpatiallyLoaded:1 Bounds:IsValid=true, Min=(X=687.692 Y=-70.000 Z=220.302), Max=(X=1008.809 Y=361.497 Z=662.592) RuntimeGrid:None EditorOnly:0 RuntimeOnly:0 HLODRelevant:0 ListedInSceneOutliner:1 IsMainWorldOnly:0
 |   |   |- [+] [  3]
 |   |   |   |- Guid:2C4AB24E47CF21450BAFE884C6B2D5B2 BaseClass:/Game/Models/Luigi/LuigiCharacter.LuigiCharacter_C NativeClass:/Script/Engine.Character Name:LuigiCharacter_C_UAID_E070EAC89D3BF83502_1512980115 Label:LuigiCharacter6 SpatiallyLoaded:1 Bounds:IsValid=true, Min=(X=869.008 Y=-163.598 Z=287.885), Max=(X=1891.669 Y=878.906 Z=617.887) RuntimeGrid:None EditorOnly:0 RuntimeOnly:0 HLODRelevant:0 ListedInSceneOutliner:1 IsMainWorldOnly:0
 |   |   |- [+] [  4]
 |   |   |   |- Guid:2F6CED234912A0279FBDBD93E68CA246 BaseClass:/Game/Models/Luigi/LuigiCharacter.LuigiCharacter_C NativeClass:/Script/Engine.Character Name:LuigiCharacter_C_UAID_E070EAC89D3BF83502_2052330130 Label:LuigiCharacter21 SpatiallyLoaded:1 Bounds:IsValid=true, Min=(X=2575.143 Y=-583.548 Z=-60.508), Max=(X=3375.686 Y=718.006 Z=1186.039) RuntimeGrid:None EditorOnly:0 RuntimeOnly:0 HLODRelevant:0 ListedInSceneOutliner:1 IsMainWorldOnly:0
 |   |   |- [+] [  5]
 |   |   |   |- Guid:30D9B0D942E2CD7B531E2C91079F8B9A BaseClass: NativeClass:/Script/Engine.PostProcessVolume Name:PostProcessVolume_0 Label:PostProcessVolume SpatiallyLoaded:0 Bounds:IsValid=true, Min=(X=0.000 Y=0.000 Z=400.000), Max=(X=200.000 Y=200.000 Z=600.000) RuntimeGrid:None EditorOnly:0 RuntimeOnly:0 HLODRelevant:0 ListedInSceneOutliner:1 IsMainWorldOnly:0 FolderPath:Lighting FolderGuid:0BA5F0A04EADB18E70D5B180D08FA34B
 |   |   |- [+] [  6]
 |   |   |   |- Guid:30E3A99949DCC71815631A924872D2DF BaseClass: NativeClass:/Script/Engine.ExponentialHeightFog Name:ExponentialHeightFog_0 Label:ExponentialHeightFog SpatiallyLoaded:0 Bounds:IsValid=true, Min=(X=-5600.000 Y=-50.000 Z=-6850.000), Max=(X=-5600.000 Y=-50.000 Z=-6850.000) RuntimeGrid:None EditorOnly:0 RuntimeOnly:0 HLODRelevant:0 ListedInSceneOutliner:1 IsMainWorldOnly:0 FolderPath:Lighting FolderGuid:0BA5F0A04EADB18E70D5B180D08FA34B
 |   |   |- [+] [  7]
 |   |   |   |- Guid:30F2B6DC41E39D6CE0BF2683CC62E479 BaseClass: NativeClass:/Script/Engine.PlayerStart Name:PlayerStart_0 Label:PlayerStart SpatiallyLoaded:0 Bounds:IsValid=true, Min=(X=-757.550 Y=-486.712 Z=36.865), Max=(X=-677.550 Y=-406.712 Z=220.865) RuntimeGrid:None EditorOnly:0 RuntimeOnly:0 HLODRelevant:0 ListedInSceneOutliner:1 IsMainWorldOnly:0
 |   |   |- [+] [  8]
 |   |   |   |- Guid:322C231D4B1D1099890A8ABA7ADFBF7C BaseClass: NativeClass:/Script/Engine.SkyAtmosphere Name:SkyAtmosphere_0 Label:SkyAtmosphere SpatiallyLoaded:0 Bounds:IsValid=true, Min=(X=0.000 Y=0.000 Z=1020.000), Max=(X=0.000 Y=0.000 Z=1020.000) RuntimeGrid:None EditorOnly:0 RuntimeOnly:0 HLODRelevant:0 ListedInSceneOutliner:1 IsMainWorldOnly:0 FolderPath:Lighting FolderGuid:0BA5F0A04EADB18E70D5B180D08FA34B
 |   |   |- [+] [  9]
 |   |   |   |- Guid:32F7D78A4D6DED32D1AEE49D312A2EAA BaseClass: NativeClass:/Script/Engine.SkyLight Name:SkyLight_0 Label:SkyLight SpatiallyLoaded:0 Bounds:IsValid=true, Min=(X=0.000 Y=0.000 Z=690.000), Max=(X=0.000 Y=0.000 Z=690.000) RuntimeGrid:None EditorOnly:0 RuntimeOnly:0 HLODRelevant:0 ListedInSceneOutliner:1 IsMainWorldOnly:0 FolderPath:Lighting FolderGuid:0BA5F0A04EADB18E70D5B180D08FA34B
 |   |   |- [+] [ 10]
 |   |   |   |- Guid:373EFCED44E5A55F3421CC83345CCCDE BaseClass:/Game/Models/Luigi/LuigiCharacter.LuigiCharacter_C NativeClass:/Script/Engine.Character Name:LuigiCharacter_C_UAID_E070EAC89D3BF83502_1970766126 Label:LuigiCharacter17 SpatiallyLoaded:1 Bounds:IsValid=true, Min=(X=-629.501 Y=73.366 Z=-60.508), Max=(X=429.480 Y=1298.667 Z=1186.039) RuntimeGrid:None EditorOnly:0 RuntimeOnly:0 HLODRelevant:0 ListedInSceneOutliner:1 IsMainWorldOnly:0
 |   |   |- [+] [ 11]
 |   |   |   |- Guid:3C9BBE1142A6A8FE91E6AF83A59EDEAC BaseClass:/Game/Models/Luigi/LuigiCharacter.LuigiCharacter_C NativeClass:/Script/Engine.Character Name:LuigiCharacter_C_UAID_E070EAC89D3BF83502_1728601123 Label:LuigiCharacter14 SpatiallyLoaded:1 Bounds:IsValid=true, Min=(X=2728.527 Y=1559.125 Z=340.230), Max=(X=2999.215 Y=1832.886 Z=463.027) RuntimeGrid:None EditorOnly:0 RuntimeOnly:0 HLODRelevant:0 ListedInSceneOutliner:1 IsMainWorldOnly:0
 |   |   |- [+] [ 12]
 |   |   |   |- Guid:3CE9D215486EE04FA03BC4A131718DF5 BaseClass: NativeClass:/Script/Engine.WorldDataLayers Name:WorldDataLayers Label:WorldDataLayers SpatiallyLoaded:0 Bounds:Invalid RuntimeGrid:None EditorOnly:0 RuntimeOnly:0 HLODRelevant:0 ListedInSceneOutliner:1 IsMainWorldOnly:1
 |   |   |- [+] [ 13]
 |   |   |   |- Guid:449B88024A3AEF68CDD99D84FC022F02 BaseClass:/Game/Models/Luigi/LuigiCharacter.LuigiCharacter_C NativeClass:/Script/Engine.Character Name:LuigiCharacter_C_UAID_E070EAC89D3BF83502_1498673114 Label:LuigiCharacter5 SpatiallyLoaded:1 Bounds:IsValid=true, Min=(X=600.910 Y=143.429 Z=220.302), Max=(X=922.027 Y=574.925 Z=662.592) RuntimeGrid:None EditorOnly:0 RuntimeOnly:0 HLODRelevant:0 ListedInSceneOutliner:1 IsMainWorldOnly:0
 |   |   |- [+] [ 14]
 |   |   |   |- Guid:4D60877E404FE81538E7C5A57D32D0D0 BaseClass:/Game/Models/Luigi/LuigiCharacter.LuigiCharacter_C NativeClass:/Script/Engine.Character Name:LuigiCharacter_C_UAID_E070EAC89D3BF83502_1593767118 Label:LuigiCharacter9 SpatiallyLoaded:1 Bounds:IsValid=true, Min=(X=1777.388 Y=390.239 Z=598.809), Max=(X=2064.789 Y=683.216 Z=691.550) RuntimeGrid:None EditorOnly:0 RuntimeOnly:0 HLODRelevant:0 ListedInSceneOutliner:1 IsMainWorldOnly:0
 |   |   |- [+] [ 15]
 |   |   |   |- Guid:53F7D8D14E9E9E2534456C88D6EBE742 BaseClass:/Game/Models/Luigi/LuigiCharacter.LuigiCharacter_C NativeClass:/Script/Engine.Character Name:LuigiCharacter_C_UAID_E070EAC89D3BF83502_2088244132 Label:LuigiCharacter23 SpatiallyLoaded:1 Bounds:IsValid=true, Min=(X=589.734 Y=38.975 Z=1756.556), Max=(X=3754.574 Y=3246.930 Z=3195.395) RuntimeGrid:None EditorOnly:0 RuntimeOnly:0 HLODRelevant:0 ListedInSceneOutliner:1 IsMainWorldOnly:0
 |   |   |- [+] [ 16]
 |   |   |   |- Guid:586F9AF742E4EE80A5E41F875E49FB40 BaseClass: NativeClass:/Script/Engine.StaticMeshActor Name:StaticMeshActor_UAID_E070EAC89D3B8C2102_1253001987 Label:Level SpatiallyLoaded:1 Bounds:IsValid=true, Min=(X=-1473.474 Y=-1180.611 Z=-175.932), Max=(X=4526.526 Y=4819.390 Z=1342.888) RuntimeGrid:None EditorOnly:0 RuntimeOnly:0 HLODRelevant:1 ListedInSceneOutliner:1 IsMainWorldOnly:0
 |   |   |- [+] [ 17]
 |   |   |   |- Guid:6671A33D4C14DE7ED5C3C78467915D8E BaseClass:/Game/Models/Luigi/LuigiCharacter.LuigiCharacter_C NativeClass:/Script/Engine.Character Name:LuigiCharacter_C_UAID_E070EAC89D3BF83502_1746748124 Label:LuigiCharacter15 SpatiallyLoaded:1 Bounds:IsValid=true, Min=(X=2047.894 Y=1797.857 Z=387.867), Max=(X=3278.034 Y=3014.076 Z=743.872) RuntimeGrid:None EditorOnly:0 RuntimeOnly:0 HLODRelevant:0 ListedInSceneOutliner:1 IsMainWorldOnly:0
 |   |   |- [+] [ 18]
 |   |   |   |- Guid:70442E3C41511AA5F879B49FB9810853 BaseClass:/Game/Models/Luigi/LuigiCharacter.LuigiCharacter_C NativeClass:/Script/Engine.Character Name:LuigiCharacter_C_UAID_E070EAC89D3BF83502_2067775131 Label:LuigiCharacter22 SpatiallyLoaded:1 Bounds:IsValid=true, Min=(X=2767.605 Y=3024.190 Z=-60.508), Max=(X=3931.981 Y=4162.646 Z=1186.039) RuntimeGrid:None EditorOnly:0 RuntimeOnly:0 HLODRelevant:0 ListedInSceneOutliner:1 IsMainWorldOnly:0
 |   |   |- [+] [ 19]
 |   |   |   |- Guid:70C359D34B576B5308F399BED72BF5C1 BaseClass:/Game/Models/Luigi/LuigiCharacter.LuigiCharacter_C NativeClass:/Script/Engine.Character Name:LuigiCharacter_C_UAID_E070EAC89D3BF83502_1587412117 Label:LuigiCharacter8 SpatiallyLoaded:1 Bounds:IsValid=true, Min=(X=1777.388 Y=215.779 Z=575.482), Max=(X=2064.789 Y=508.755 Z=668.223) RuntimeGrid:None EditorOnly:0 RuntimeOnly:0 HLODRelevant:0 ListedInSceneOutliner:1 IsMainWorldOnly:0
 |   |   |- [+] [ 20]
 |   |   |   |- Guid:785D05A34FE9EFA9419420A24736B768 BaseClass:/Game/Models/Luigi/LuigiCharacter.LuigiCharacter_C NativeClass:/Script/Engine.Character Name:LuigiCharacter_C_UAID_E070EAC89D3BF83502_2000005127 Label:LuigiCharacter18 SpatiallyLoaded:1 Bounds:IsValid=true, Min=(X=-485.262 Y=826.175 Z=-60.508), Max=(X=573.719 Y=2051.476 Z=1186.039) RuntimeGrid:None EditorOnly:0 RuntimeOnly:0 HLODRelevant:0 ListedInSceneOutliner:1 IsMainWorldOnly:0
 |   |   |- [+] [ 21]
 |   |   |   |- Guid:830DC4F642F7FE32AFDD1AB4E80BCB0E BaseClass:/Game/Models/Luigi/LuigiCharacter.LuigiCharacter_C NativeClass:/Script/Engine.Character Name:LuigiCharacter_C_UAID_E070EAC89D3BF83502_1299290111 Label:LuigiCharacter2 SpatiallyLoaded:1 Bounds:IsValid=true, Min=(X=183.568 Y=-505.003 Z=106.865), Max=(X=575.679 Y=-110.840 Z=277.422) RuntimeGrid:None EditorOnly:0 RuntimeOnly:0 HLODRelevant:0 ListedInSceneOutliner:1 IsMainWorldOnly:0
 |   |   |- [+] [ 22]
 |   |   |   |- Guid:97351FE548CBAB596BA51AAA7B46963F BaseClass:/Game/Models/Luigi/LuigiCharacter.LuigiCharacter_C NativeClass:/Script/Engine.Character Name:LuigiCharacter_C_UAID_E070EAC89D3BF83502_1559849116 Label:LuigiCharacter7 SpatiallyLoaded:1 Bounds:IsValid=true, Min=(X=1600.654 Y=215.779 Z=535.039), Max=(X=1888.055 Y=508.755 Z=627.780) RuntimeGrid:None EditorOnly:0 RuntimeOnly:0 HLODRelevant:0 ListedInSceneOutliner:1 IsMainWorldOnly:0
 |   |   |- [+] [ 23]
 |   |   |   |- Guid:A09CC77942863E33AC87198707E97B83 BaseClass:/Game/Models/Luigi/LuigiCharacter.LuigiCharacter_C NativeClass:/Script/Engine.Character Name:LuigiCharacter_C_UAID_E070EAC89D3BF83502_1680421122 Label:LuigiCharacter13 SpatiallyLoaded:1 Bounds:IsValid=true, Min=(X=2756.463 Y=659.595 Z=-155.116), Max=(X=3070.462 Y=1570.068 Z=757.372) RuntimeGrid:None EditorOnly:0 RuntimeOnly:0 HLODRelevant:0 ListedInSceneOutliner:1 IsMainWorldOnly:0
 |   |   |- [+] [ 24]
 |   |   |   |- Guid:A2663F6240D48F9D1E9EC4BC0A8751EE BaseClass:/Game/Models/Luigi/LuigiCharacter.LuigiCharacter_C NativeClass:/Script/Engine.Character Name:LuigiCharacter_C_UAID_E070EAC89D3BF83502_2002449128 Label:LuigiCharacter19 SpatiallyLoaded:1 Bounds:IsValid=true, Min=(X=724.418 Y=2439.081 Z=-60.508), Max=(X=1783.399 Y=3664.382 Z=1186.039) RuntimeGrid:None EditorOnly:0 RuntimeOnly:0 HLODRelevant:0 ListedInSceneOutliner:1 IsMainWorldOnly:0
 |   |   |- [+] [ 25]
 |   |   |   |- Guid:B053257644DE988AB9621097F2295141 BaseClass:/Game/Models/Luigi/LuigiCharacter.LuigiCharacter_C NativeClass:/Script/Engine.Character Name:LuigiCharacter_C_UAID_E070EAC89D3BF83502_1605658119 Label:LuigiCharacter10 SpatiallyLoaded:1 Bounds:IsValid=true, Min=(X=1777.388 Y=555.168 Z=624.424), Max=(X=2064.789 Y=848.145 Z=717.164) RuntimeGrid:None EditorOnly:0 RuntimeOnly:0 HLODRelevant:0 ListedInSceneOutliner:1 IsMainWorldOnly:0
 |   |   |- [+] [ 26]
 |   |   |   |- Guid:B643D1304C7037D6C48493AD8CF3D0F2 BaseClass: NativeClass:/Script/Engine.TextRenderActor Name:TextRenderActor_1 Label:TextRenderActor SpatiallyLoaded:1 Bounds:IsValid=true, Min=(X=-1790.967 Y=1100.000 Z=58.650), Max=(X=-1790.967 Y=2363.461 Z=208.650) RuntimeGrid:None EditorOnly:0 RuntimeOnly:0 HLODRelevant:0 ListedInSceneOutliner:1 IsMainWorldOnly:0
 |   |   |- [+] [ 27]
 |   |   |   |- Guid:B843550D422691C11C4F54B23CAD3D30 BaseClass: NativeClass:/Script/Engine.StaticMeshActor Name:StaticMeshActor_UAID_A4AE111137DC5EFB00_2001720423 Label:SM_SkySphere SpatiallyLoaded:0 Bounds:IsValid=true, Min=(X=-1638400.000 Y=-1638400.000 Z=-1638400.000), Max=(X=1638400.000 Y=1638400.000 Z=1638400.000) RuntimeGrid:None EditorOnly:0 RuntimeOnly:0 HLODRelevant:0 ListedInSceneOutliner:1 IsMainWorldOnly:0 FolderPath:Lighting FolderGuid:0BA5F0A04EADB18E70D5B180D08FA34B
 |   |   |- [+] [ 28]
 |   |   |   |- Guid:C2BAC8F5469F9C9F2481EF87966F8472 BaseClass: NativeClass:/Script/Engine.VolumetricCloud Name:VolumetricCloud_0 Label:VolumetricCloud SpatiallyLoaded:0 Bounds:IsValid=true, Min=(X=0.000 Y=0.000 Z=820.000), Max=(X=0.000 Y=0.000 Z=820.000) RuntimeGrid:None EditorOnly:0 RuntimeOnly:0 HLODRelevant:0 ListedInSceneOutliner:1 IsMainWorldOnly:0 FolderPath:Lighting FolderGuid:0BA5F0A04EADB18E70D5B180D08FA34B
 |   |   |- [+] [ 29]
 |   |   |   |- Guid:C7691B3F400AF1F08EA67196A563E79F BaseClass:/Game/Models/Luigi/LuigiCharacter.LuigiCharacter_C NativeClass:/Script/Engine.Character Name:LuigiCharacter_C_UAID_E070EAC89D3BF83502_2005296129 Label:LuigiCharacter20 SpatiallyLoaded:1 Bounds:IsValid=true, Min=(X=581.049 Y=1652.261 Z=-60.508), Max=(X=1640.030 Y=2877.562 Z=1186.039) RuntimeGrid:None EditorOnly:0 RuntimeOnly:0 HLODRelevant:0 ListedInSceneOutliner:1 IsMainWorldOnly:0
 |   |   |- [+] [ 30]
 |   |   |   |- Guid:E75C803548C1F8D350674FAC5E897856 BaseClass:/Game/Models/Luigi/LuigiCharacter.LuigiCharacter_C NativeClass:/Script/Engine.Character Name:LuigiCharacter_C_UAID_E070EAC89D3B273302_2093228221 Label:LuigiCharacter SpatiallyLoaded:1 Bounds:IsValid=true, Min=(X=-163.391 Y=-390.203 Z=-7.265), Max=(X=217.579 Y=-13.913 Z=163.292) RuntimeGrid:None EditorOnly:0 RuntimeOnly:0 HLODRelevant:0 ListedInSceneOutliner:1 IsMainWorldOnly:0
 |   |   |- [+] [ 31]
 |   |   |   |- Guid:E8B888E74CA2C03825F98593C69CAD3D BaseClass:/Game/Models/Star/BP_Star.BP_Star_C NativeClass:/Script/Engine.StaticMeshActor Name:BP_Star_C_UAID_E070EAC89D3BF93502_1209433309 Label:BP_Star SpatiallyLoaded:1 Bounds:IsValid=true, Min=(X=2408.406 Y=3313.846 Z=772.693), Max=(X=2504.589 Y=3348.484 Z=856.579) RuntimeGrid:None EditorOnly:0 RuntimeOnly:0 HLODRelevant:0 ListedInSceneOutliner:1 IsMainWorldOnly:0
 |   |   |- [+] [ 32]
 |   |   |   |- Guid:EEBFA1564D9F9113B7B70B8ACF13560E BaseClass: NativeClass:/Script/Engine.DirectionalLight Name:DirectionalLight_1 Label:DirectionalLight SpatiallyLoaded:0 Bounds:Invalid RuntimeGrid:None EditorOnly:0 RuntimeOnly:0 HLODRelevant:0 ListedInSceneOutliner:1 IsMainWorldOnly:0 FolderPath:Lighting FolderGuid:0BA5F0A04EADB18E70D5B180D08FA34B
 |   |   |- [+] [ 33]
 |   |   |   |- Guid:EF6789DC446C13138CE5E5943451C2A6 BaseClass:/Game/Models/Luigi/LuigiCharacter.LuigiCharacter_C NativeClass:/Script/Engine.Character Name:LuigiCharacter_C_UAID_E070EAC89D3BF83502_1339648112 Label:LuigiCharacter3 SpatiallyLoaded:1 Bounds:IsValid=true, Min=(X=596.747 Y=-536.007 Z=154.697), Max=(X=1090.420 Y=-40.257 Z=480.603) RuntimeGrid:None EditorOnly:0 RuntimeOnly:0 HLODRelevant:0 ListedInSceneOutliner:1 IsMainWorldOnly:0
 |   |   |- [+] [ 34]
 |   |   |   |- Guid:FCFF31854985B744820E34932D988621 BaseClass:/Game/Models/Luigi/LuigiCharacter.LuigiCharacter_C NativeClass:/Script/Engine.Character Name:LuigiCharacter_C_UAID_E070EAC89D3BF83502_1824355125 Label:LuigiCharacter16 SpatiallyLoaded:1 Bounds:IsValid=true, Min=(X=2075.277 Y=2939.891 Z=545.268), Max=(X=2847.272 Y=3694.011 Z=810.240) RuntimeGrid:None EditorOnly:0 RuntimeOnly:0 HLODRelevant:0 ListedInSceneOutliner:1 IsMainWorldOnly:0
 |- ContainerInstances:
 |- [+] MainContainer:
 |   |-        ID: 00000000000000000000000000000000
 |   |-  ParentID: 00000000000000000000000000000000
 |   |-    Bounds: IsValid=false, Min=(X=0.000 Y=0.000 Z=0.000), Max=(X=0.000 Y=0.000 Z=0.000)
 |   |- Transform: 0.000000,0.000000,0.000000|0.000000,0.000000,-0.000000|1.000000,1.000000,1.000000
 |   |- Container: /Game/FirstPerson/Maps/FinalMap
----------------------------------------------------------------------------------------------------------------
FinalMap - Persistent Level
----------------------------------------------------------------------------------------------------------------
[+] Content of FinalMap Persistent Level
 |- Always loaded Actor Count: 35 
 |- Actor Path: /Game/FirstPerson/Maps/FinalMap.FinalMap:PersistentLevel.BP_Star_C_UAID_E070EAC89D3BF93502_1209433309
 |- Actor Package: /Game/__ExternalActors__/FirstPerson/Maps/FinalMap/B/5X/7D360D616SSR3Y66DYRE7Y
 |- Actor Path: /Game/FirstPerson/Maps/FinalMap.FinalMap:PersistentLevel.DirectionalLight_1
 |- Actor Package: /Game/__ExternalActors__/FirstPerson/Maps/FinalMap/C/S7/DYI59N49XNTF8R3GM4DELX
 |- Actor Path: /Game/FirstPerson/Maps/FinalMap.FinalMap:PersistentLevel.ExponentialHeightFog_0
 |- Actor Package: /Game/__ExternalActors__/FirstPerson/Maps/FinalMap/2/RD/6F68DBUXU2I6PJBFB04KU7
 |- Actor Path: /Game/FirstPerson/Maps/FinalMap.FinalMap:PersistentLevel.LuigiCharacter_C_UAID_E070EAC89D3B273302_2093228221
 |- Actor Package: /Game/__ExternalActors__/FirstPerson/Maps/FinalMap/E/FC/4MRGB8LCEP5COPPTWBVWD1
 |- Actor Path: /Game/FirstPerson/Maps/FinalMap.FinalMap:PersistentLevel.LuigiCharacter_C_UAID_E070EAC89D3BF83502_1299290111
 |- Actor Package: /Game/__ExternalActors__/FirstPerson/Maps/FinalMap/3/UW/S8DXVLR8C0K82OEFSL9MQZ
 |- Actor Path: /Game/FirstPerson/Maps/FinalMap.FinalMap:PersistentLevel.LuigiCharacter_C_UAID_E070EAC89D3BF83502_1339648112
 |- Actor Package: /Game/__ExternalActors__/FirstPerson/Maps/FinalMap/C/E3/Z6XVOYVWDTKHF0LLENAPUI
 |- Actor Path: /Game/FirstPerson/Maps/FinalMap.FinalMap:PersistentLevel.LuigiCharacter_C_UAID_E070EAC89D3BF83502_1411415113
 |- Actor Package: /Game/__ExternalActors__/FirstPerson/Maps/FinalMap/C/LG/ROK3S0N415ARP7WULNJSDH
 |- Actor Path: /Game/FirstPerson/Maps/FinalMap.FinalMap:PersistentLevel.LuigiCharacter_C_UAID_E070EAC89D3BF83502_1498673114
 |- Actor Package: /Game/__ExternalActors__/FirstPerson/Maps/FinalMap/3/7T/XKD742576WFP4ITJB7F2CE
 |- Actor Path: /Game/FirstPerson/Maps/FinalMap.FinalMap:PersistentLevel.LuigiCharacter_C_UAID_E070EAC89D3BF83502_1512980115
 |- Actor Package: /Game/__ExternalActors__/FirstPerson/Maps/FinalMap/A/Q8/H02R1C8TVQV97O4JH4CCNX
 |- Actor Path: /Game/FirstPerson/Maps/FinalMap.FinalMap:PersistentLevel.LuigiCharacter_C_UAID_E070EAC89D3BF83502_1559849116
 |- Actor Package: /Game/__ExternalActors__/FirstPerson/Maps/FinalMap/4/BR/9D86BM7YMK42H5P6GY2MNH
 |- Actor Path: /Game/FirstPerson/Maps/FinalMap.FinalMap:PersistentLevel.LuigiCharacter_C_UAID_E070EAC89D3BF83502_1587412117
 |- Actor Package: /Game/__ExternalActors__/FirstPerson/Maps/FinalMap/D/Y4/YKTU7KCCBTTPR4XQVGIAYX
 |- Actor Path: /Game/FirstPerson/Maps/FinalMap.FinalMap:PersistentLevel.LuigiCharacter_C_UAID_E070EAC89D3BF83502_1593767118
 |- Actor Package: /Game/__ExternalActors__/FirstPerson/Maps/FinalMap/C/KL/R0JZEPOVMWI9KNQJ7K39ZU
 |- Actor Path: /Game/FirstPerson/Maps/FinalMap.FinalMap:PersistentLevel.LuigiCharacter_C_UAID_E070EAC89D3BF83502_1605658119
 |- Actor Package: /Game/__ExternalActors__/FirstPerson/Maps/FinalMap/1/R6/XA0SWNKK9QVOD761CR2X78
 |- Actor Path: /Game/FirstPerson/Maps/FinalMap.FinalMap:PersistentLevel.LuigiCharacter_C_UAID_E070EAC89D3BF83502_1652661120
 |- Actor Package: /Game/__ExternalActors__/FirstPerson/Maps/FinalMap/2/RS/0IXOL8243O9XQEETM2S1EI
 |- Actor Path: /Game/FirstPerson/Maps/FinalMap.FinalMap:PersistentLevel.LuigiCharacter_C_UAID_E070EAC89D3BF83502_1661185121
 |- Actor Package: /Game/__ExternalActors__/FirstPerson/Maps/FinalMap/D/VP/XSO5QOPS1TH0OUMSQH9K30
 |- Actor Path: /Game/FirstPerson/Maps/FinalMap.FinalMap:PersistentLevel.LuigiCharacter_C_UAID_E070EAC89D3BF83502_1680421122
 |- Actor Package: /Game/__ExternalActors__/FirstPerson/Maps/FinalMap/A/43/MFJPPFM6GYYEDVU6QSGN8D
 |- Actor Path: /Game/FirstPerson/Maps/FinalMap.FinalMap:PersistentLevel.LuigiCharacter_C_UAID_E070EAC89D3BF83502_1728601123
 |- Actor Package: /Game/__ExternalActors__/FirstPerson/Maps/FinalMap/3/NM/4J5ZFFFF318I7JDK8IOI9C
 |- Actor Path: /Game/FirstPerson/Maps/FinalMap.FinalMap:PersistentLevel.LuigiCharacter_C_UAID_E070EAC89D3BF83502_1746748124
 |- Actor Package: /Game/__ExternalActors__/FirstPerson/Maps/FinalMap/5/HO/VW6XSCUZ0GGNT026JVVCIT
 |- Actor Path: /Game/FirstPerson/Maps/FinalMap.FinalMap:PersistentLevel.LuigiCharacter_C_UAID_E070EAC89D3BF83502_1824355125
 |- Actor Package: /Game/__ExternalActors__/FirstPerson/Maps/FinalMap/9/XB/A20V27AI7JHECPJ6G6RCPB
 |- Actor Path: /Game/FirstPerson/Maps/FinalMap.FinalMap:PersistentLevel.LuigiCharacter_C_UAID_E070EAC89D3BF83502_1970766126
 |- Actor Package: /Game/__ExternalActors__/FirstPerson/Maps/FinalMap/4/L2/DIVS0P18HDV6UWV9PUCXQ9
 |- Actor Path: /Game/FirstPerson/Maps/FinalMap.FinalMap:PersistentLevel.LuigiCharacter_C_UAID_E070EAC89D3BF83502_2000005127
 |- Actor Package: /Game/__ExternalActors__/FirstPerson/Maps/FinalMap/5/9H/2S9B39W1E79P2IAA78QUUG
 |- Actor Path: /Game/FirstPerson/Maps/FinalMap.FinalMap:PersistentLevel.LuigiCharacter_C_UAID_E070EAC89D3BF83502_2002449128
 |- Actor Package: /Game/__ExternalActors__/FirstPerson/Maps/FinalMap/7/52/JRVP2HH45DHPPJBPKZTYPU
 |- Actor Path: /Game/FirstPerson/Maps/FinalMap.FinalMap:PersistentLevel.LuigiCharacter_C_UAID_E070EAC89D3BF83502_2005296129
 |- Actor Package: /Game/__ExternalActors__/FirstPerson/Maps/FinalMap/B/XH/9MIM3YM72IBCTOWUSPOX89
 |- Actor Path: /Game/FirstPerson/Maps/FinalMap.FinalMap:PersistentLevel.LuigiCharacter_C_UAID_E070EAC89D3BF83502_2052330130
 |- Actor Package: /Game/__ExternalActors__/FirstPerson/Maps/FinalMap/0/WE/PD9G7BYMJ6F6RRZ6T9UZI5
 |- Actor Path: /Game/FirstPerson/Maps/FinalMap.FinalMap:PersistentLevel.LuigiCharacter_C_UAID_E070EAC89D3BF83502_2067775131
 |- Actor Package: /Game/__ExternalActors__/FirstPerson/Maps/FinalMap/0/NC/I4DZWXO29GPZ6AI183V2CO
 |- Actor Path: /Game/FirstPerson/Maps/FinalMap.FinalMap:PersistentLevel.LuigiCharacter_C_UAID_E070EAC89D3BF83502_2088244132
 |- Actor Package: /Game/__ExternalActors__/FirstPerson/Maps/FinalMap/2/T4/W2J5H7B43ZH6IYLGA7WQBA
 |- Actor Path: /Game/FirstPerson/Maps/FinalMap.FinalMap:PersistentLevel.PlayerStart_0
 |- Actor Package: /Game/__ExternalActors__/FirstPerson/Maps/FinalMap/5/YU/MCX96NBJV2HOQF6T4EPSCV
 |- Actor Path: /Game/FirstPerson/Maps/FinalMap.FinalMap:PersistentLevel.PostProcessVolume_0
 |- Actor Package: /Game/__ExternalActors__/FirstPerson/Maps/FinalMap/5/NH/I0T3A4W1QH6FMKWCOGB2LW
 |- Actor Path: /Game/FirstPerson/Maps/FinalMap.FinalMap:PersistentLevel.SkyAtmosphere_0
 |- Actor Package: /Game/__ExternalActors__/FirstPerson/Maps/FinalMap/5/B3/P663XWSOWNTFW0BZI02KQK
 |- Actor Path: /Game/FirstPerson/Maps/FinalMap.FinalMap:PersistentLevel.SkyLight_0
 |- Actor Package: /Game/__ExternalActors__/FirstPerson/Maps/FinalMap/E/0L/BCI9KRAI0I1AKMIQ742ZT7
 |- Actor Path: /Game/FirstPerson/Maps/FinalMap.FinalMap:PersistentLevel.StaticMeshActor_UAID_A4AE111137DC5EFB00_2001720423
 |- Actor Package: /Game/__ExternalActors__/FirstPerson/Maps/FinalMap/3/1Z/0OBJQMZVJYM9F0GAXTDIRP
 |- Actor Path: /Game/FirstPerson/Maps/FinalMap.FinalMap:PersistentLevel.StaticMeshActor_UAID_E070EAC89D3B8C2102_1253001987
 |- Actor Package: /Game/__ExternalActors__/FirstPerson/Maps/FinalMap/2/76/7JNV087KZ5RT6BMDK2CB3P
 |- Actor Path: /Game/FirstPerson/Maps/FinalMap.FinalMap:PersistentLevel.TextRenderActor_1
 |- Actor Package: /Game/__ExternalActors__/FirstPerson/Maps/FinalMap/1/5X/WNBE570R8EW6ASN5KF1QPD
 |- Actor Path: /Game/FirstPerson/Maps/FinalMap.FinalMap:PersistentLevel.VolumetricCloud_0
 |- Actor Package: /Game/__ExternalActors__/FirstPerson/Maps/FinalMap/0/TQ/P6IQXM1WWFWFXMOSADA8YV
 |- Actor Path: /Game/FirstPerson/Maps/FinalMap.FinalMap:PersistentLevel.WorldDataLayers
 |- Actor Package: /Game/__ExternalActors__/FirstPerson/Maps/FinalMap/9/AH/WTNZ0FXV6D8APWE7YZHRRA

----------------------------------------------------------------------------------------------------------------
FinalMap - Runtime Hash Set
----------------------------------------------------------------------------------------------------------------

